INFO:root:2020-10-28 09:58:37 La configuraciï¿½n se ha importado correctamente!
INFO:root:2020-10-28 09:58:37 Hashes importados correctamente!
INFO:root:2020-10-28 09:58:37 Calculando los hashes de los archivos...
INFO:root:2020-10-28 09:58:37 Hashes calculados satisfactoriamente!
INFO:root:2020-10-28 09:58:37 Number of files OK: 2864
INFO:root:2020-10-28 09:58:37 Number of files BAD: 11
WARNING:root:2020-10-28 09:58:37 BAD integrity files: 
           DIR: C:/Users/Marcel/OneDrive - UNIVERSIDAD DE SEVILLA/GitHub/shopping-cart-nfc/README.md HASHES DOESN'T MATCH!
           DIR: C:/Users/Marcel/OneDrive - UNIVERSIDAD DE SEVILLA/GitHub/shopping-cart-nfc/Documentacion/1ï¿½_Entregable.docx HASHES DOESN'T MATCH!
           DIR: C:/Users/Marcel/OneDrive - UNIVERSIDAD DE SEVILLA/GitHub/shopping-cart-nfc/Documentacion/2ï¿½_Entregable.docx HASHES DOESN'T MATCH!
           DIR: C:/Users/Marcel/OneDrive - UNIVERSIDAD DE SEVILLA/GitHub/shopping-cart-nfc/Documentacion/3ï¿½ Entregable.docx HASHES DOESN'T MATCH!
           DIR: C:/Users/Marcel/OneDrive - UNIVERSIDAD DE SEVILLA/GitHub/shopping-cart-nfc/Documentacion/4ï¿½ Entregable.docx HASHES DOESN'T MATCH!
           DIR: C:/Users/Marcel/OneDrive - UNIVERSIDAD DE SEVILLA/GitHub/shopping-cart-nfc/Documentacion/5ï¿½ Entregable.docx HASHES DOESN'T MATCH!
           DIR: C:/Users/Marcel/OneDrive - UNIVERSIDAD DE SEVILLA/GitHub/shopping-cart-nfc/Documentacion/BOCETO_DE_PUT_Y_GET.txt HASHES DOESN'T MATCH!
           DIR: C:/Users/Marcel/OneDrive - UNIVERSIDAD DE SEVILLA/GitHub/shopping-cart-nfc/Documentacion/HISTORIAS_DE_USUARIO_ADMIN_CON_BOT.txt HASHES DOESN'T MATCH!
           DIR: C:/Users/Marcel/OneDrive - UNIVERSIDAD DE SEVILLA/GitHub/shopping-cart-nfc/Documentacion/HISTORIA_PARA_API_REST.txt HASHES DOESN'T MATCH!
           DIR: C:/Users/Marcel/OneDrive - UNIVERSIDAD DE SEVILLA/GitHub/shopping-cart-nfc/Documentacion/LOGICA_INICIAL_PARA_FUNCIONAMIENTO_HARDWARE.txt HASHES DOESN'T MATCH!
           DIR: C:/Users/Marcel/OneDrive - UNIVERSIDAD DE SEVILLA/GitHub/shopping-cart-nfc/Documentacion/TelegramBot.txt HASHES DOESN'T MATCH!
INFO:root:2020-10-28 10:04:43 La configuraciï¿½n se ha importado correctamente!
INFO:root:2020-10-28 10:04:43 Hashes importados correctamente!
INFO:root:2020-10-28 10:04:43 Calculando los hashes de los archivos...
INFO:root:2020-10-28 10:04:43 Hashes calculados satisfactoriamente!
INFO:root:2020-10-28 10:04:43 Number of files OK: 2864
INFO:root:2020-10-28 10:04:43 Number of files BAD: 11
WARNING:root:2020-10-28 10:04:43 BAD integrity files: 
           DIR: C:/Users/Marcel/OneDrive - UNIVERSIDAD DE SEVILLA/GitHub/shopping-cart-nfc/README.md HASHES DOESN'T MATCH!
           DIR: C:/Users/Marcel/OneDrive - UNIVERSIDAD DE SEVILLA/GitHub/shopping-cart-nfc/Documentacion/1ï¿½_Entregable.docx HASHES DOESN'T MATCH!
           DIR: C:/Users/Marcel/OneDrive - UNIVERSIDAD DE SEVILLA/GitHub/shopping-cart-nfc/Documentacion/2ï¿½_Entregable.docx HASHES DOESN'T MATCH!
           DIR: C:/Users/Marcel/OneDrive - UNIVERSIDAD DE SEVILLA/GitHub/shopping-cart-nfc/Documentacion/3ï¿½ Entregable.docx HASHES DOESN'T MATCH!
           DIR: C:/Users/Marcel/OneDrive - UNIVERSIDAD DE SEVILLA/GitHub/shopping-cart-nfc/Documentacion/4ï¿½ Entregable.docx HASHES DOESN'T MATCH!
           DIR: C:/Users/Marcel/OneDrive - UNIVERSIDAD DE SEVILLA/GitHub/shopping-cart-nfc/Documentacion/5ï¿½ Entregable.docx HASHES DOESN'T MATCH!
           DIR: C:/Users/Marcel/OneDrive - UNIVERSIDAD DE SEVILLA/GitHub/shopping-cart-nfc/Documentacion/BOCETO_DE_PUT_Y_GET.txt HASHES DOESN'T MATCH!
           DIR: C:/Users/Marcel/OneDrive - UNIVERSIDAD DE SEVILLA/GitHub/shopping-cart-nfc/Documentacion/HISTORIAS_DE_USUARIO_ADMIN_CON_BOT.txt HASHES DOESN'T MATCH!
           DIR: C:/Users/Marcel/OneDrive - UNIVERSIDAD DE SEVILLA/GitHub/shopping-cart-nfc/Documentacion/HISTORIA_PARA_API_REST.txt HASHES DOESN'T MATCH!
           DIR: C:/Users/Marcel/OneDrive - UNIVERSIDAD DE SEVILLA/GitHub/shopping-cart-nfc/Documentacion/LOGICA_INICIAL_PARA_FUNCIONAMIENTO_HARDWARE.txt HASHES DOESN'T MATCH!
           DIR: C:/Users/Marcel/OneDrive - UNIVERSIDAD DE SEVILLA/GitHub/shopping-cart-nfc/Documentacion/TelegramBot.txt HASHES DOESN'T MATCH!
INFO:root:2020-10-28 10:04:43 Calculando los hashes de los archivos...
INFO:root:2020-10-28 10:04:43 Hashes calculados satisfactoriamente!
INFO:root:2020-10-28 10:04:43 Number of files OK: 2864
INFO:root:2020-10-28 10:04:43 Number of files BAD: 11
WARNING:root:2020-10-28 10:04:43 BAD integrity files: 
           DIR: C:/Users/Marcel/OneDrive - UNIVERSIDAD DE SEVILLA/GitHub/shopping-cart-nfc/README.md HASHES DOESN'T MATCH!
           DIR: C:/Users/Marcel/OneDrive - UNIVERSIDAD DE SEVILLA/GitHub/shopping-cart-nfc/Documentacion/1ï¿½_Entregable.docx HASHES DOESN'T MATCH!
           DIR: C:/Users/Marcel/OneDrive - UNIVERSIDAD DE SEVILLA/GitHub/shopping-cart-nfc/Documentacion/2ï¿½_Entregable.docx HASHES DOESN'T MATCH!
           DIR: C:/Users/Marcel/OneDrive - UNIVERSIDAD DE SEVILLA/GitHub/shopping-cart-nfc/Documentacion/3ï¿½ Entregable.docx HASHES DOESN'T MATCH!
           DIR: C:/Users/Marcel/OneDrive - UNIVERSIDAD DE SEVILLA/GitHub/shopping-cart-nfc/Documentacion/4ï¿½ Entregable.docx HASHES DOESN'T MATCH!
           DIR: C:/Users/Marcel/OneDrive - UNIVERSIDAD DE SEVILLA/GitHub/shopping-cart-nfc/Documentacion/5ï¿½ Entregable.docx HASHES DOESN'T MATCH!
           DIR: C:/Users/Marcel/OneDrive - UNIVERSIDAD DE SEVILLA/GitHub/shopping-cart-nfc/Documentacion/BOCETO_DE_PUT_Y_GET.txt HASHES DOESN'T MATCH!
           DIR: C:/Users/Marcel/OneDrive - UNIVERSIDAD DE SEVILLA/GitHub/shopping-cart-nfc/Documentacion/HISTORIAS_DE_USUARIO_ADMIN_CON_BOT.txt HASHES DOESN'T MATCH!
           DIR: C:/Users/Marcel/OneDrive - UNIVERSIDAD DE SEVILLA/GitHub/shopping-cart-nfc/Documentacion/HISTORIA_PARA_API_REST.txt HASHES DOESN'T MATCH!
           DIR: C:/Users/Marcel/OneDrive - UNIVERSIDAD DE SEVILLA/GitHub/shopping-cart-nfc/Documentacion/LOGICA_INICIAL_PARA_FUNCIONAMIENTO_HARDWARE.txt HASHES DOESN'T MATCH!
           DIR: C:/Users/Marcel/OneDrive - UNIVERSIDAD DE SEVILLA/GitHub/shopping-cart-nfc/Documentacion/TelegramBot.txt HASHES DOESN'T MATCH!
INFO:root:2020-10-28 10:04:43 Calculando los hashes de los archivos...
INFO:root:2020-10-28 10:04:43 Hashes calculados satisfactoriamente!
INFO:root:2020-10-28 10:04:43 Number of files OK: 2864
INFO:root:2020-10-28 10:04:43 Number of files BAD: 11
WARNING:root:2020-10-28 10:04:43 BAD integrity files: 
           DIR: C:/Users/Marcel/OneDrive - UNIVERSIDAD DE SEVILLA/GitHub/shopping-cart-nfc/README.md HASHES DOESN'T MATCH!
           DIR: C:/Users/Marcel/OneDrive - UNIVERSIDAD DE SEVILLA/GitHub/shopping-cart-nfc/Documentacion/1ï¿½_Entregable.docx HASHES DOESN'T MATCH!
           DIR: C:/Users/Marcel/OneDrive - UNIVERSIDAD DE SEVILLA/GitHub/shopping-cart-nfc/Documentacion/2ï¿½_Entregable.docx HASHES DOESN'T MATCH!
           DIR: C:/Users/Marcel/OneDrive - UNIVERSIDAD DE SEVILLA/GitHub/shopping-cart-nfc/Documentacion/3ï¿½ Entregable.docx HASHES DOESN'T MATCH!
           DIR: C:/Users/Marcel/OneDrive - UNIVERSIDAD DE SEVILLA/GitHub/shopping-cart-nfc/Documentacion/4ï¿½ Entregable.docx HASHES DOESN'T MATCH!
           DIR: C:/Users/Marcel/OneDrive - UNIVERSIDAD DE SEVILLA/GitHub/shopping-cart-nfc/Documentacion/5ï¿½ Entregable.docx HASHES DOESN'T MATCH!
           DIR: C:/Users/Marcel/OneDrive - UNIVERSIDAD DE SEVILLA/GitHub/shopping-cart-nfc/Documentacion/BOCETO_DE_PUT_Y_GET.txt HASHES DOESN'T MATCH!
           DIR: C:/Users/Marcel/OneDrive - UNIVERSIDAD DE SEVILLA/GitHub/shopping-cart-nfc/Documentacion/HISTORIAS_DE_USUARIO_ADMIN_CON_BOT.txt HASHES DOESN'T MATCH!
           DIR: C:/Users/Marcel/OneDrive - UNIVERSIDAD DE SEVILLA/GitHub/shopping-cart-nfc/Documentacion/HISTORIA_PARA_API_REST.txt HASHES DOESN'T MATCH!
           DIR: C:/Users/Marcel/OneDrive - UNIVERSIDAD DE SEVILLA/GitHub/shopping-cart-nfc/Documentacion/LOGICA_INICIAL_PARA_FUNCIONAMIENTO_HARDWARE.txt HASHES DOESN'T MATCH!
           DIR: C:/Users/Marcel/OneDrive - UNIVERSIDAD DE SEVILLA/GitHub/shopping-cart-nfc/Documentacion/TelegramBot.txt HASHES DOESN'T MATCH!
INFO:root:2020-10-28 10:14:59 La configuraciï¿½n se ha importado correctamente!
INFO:root:2020-10-28 10:14:59 Hashes importados correctamente!
INFO:root:2020-10-28 10:14:59 Calculando los hashes de los archivos...
INFO:root:2020-10-28 10:14:59 Hashes calculados satisfactoriamente!
INFO:root:2020-10-28 10:14:59 Number of files OK: 2864
INFO:root:2020-10-28 10:14:59 Number of files BAD: 11
WARNING:root:2020-10-28 10:14:59 BAD integrity files: 
           DIR: C:/Users/Marcel/OneDrive - UNIVERSIDAD DE SEVILLA/GitHub/shopping-cart-nfc/README.md HASHES DOESN'T MATCH!
           DIR: C:/Users/Marcel/OneDrive - UNIVERSIDAD DE SEVILLA/GitHub/shopping-cart-nfc/Documentacion/1ï¿½_Entregable.docx HASHES DOESN'T MATCH!
           DIR: C:/Users/Marcel/OneDrive - UNIVERSIDAD DE SEVILLA/GitHub/shopping-cart-nfc/Documentacion/2ï¿½_Entregable.docx HASHES DOESN'T MATCH!
           DIR: C:/Users/Marcel/OneDrive - UNIVERSIDAD DE SEVILLA/GitHub/shopping-cart-nfc/Documentacion/3ï¿½ Entregable.docx HASHES DOESN'T MATCH!
           DIR: C:/Users/Marcel/OneDrive - UNIVERSIDAD DE SEVILLA/GitHub/shopping-cart-nfc/Documentacion/4ï¿½ Entregable.docx HASHES DOESN'T MATCH!
           DIR: C:/Users/Marcel/OneDrive - UNIVERSIDAD DE SEVILLA/GitHub/shopping-cart-nfc/Documentacion/5ï¿½ Entregable.docx HASHES DOESN'T MATCH!
           DIR: C:/Users/Marcel/OneDrive - UNIVERSIDAD DE SEVILLA/GitHub/shopping-cart-nfc/Documentacion/BOCETO_DE_PUT_Y_GET.txt HASHES DOESN'T MATCH!
           DIR: C:/Users/Marcel/OneDrive - UNIVERSIDAD DE SEVILLA/GitHub/shopping-cart-nfc/Documentacion/HISTORIAS_DE_USUARIO_ADMIN_CON_BOT.txt HASHES DOESN'T MATCH!
           DIR: C:/Users/Marcel/OneDrive - UNIVERSIDAD DE SEVILLA/GitHub/shopping-cart-nfc/Documentacion/HISTORIA_PARA_API_REST.txt HASHES DOESN'T MATCH!
           DIR: C:/Users/Marcel/OneDrive - UNIVERSIDAD DE SEVILLA/GitHub/shopping-cart-nfc/Documentacion/LOGICA_INICIAL_PARA_FUNCIONAMIENTO_HARDWARE.txt HASHES DOESN'T MATCH!
           DIR: C:/Users/Marcel/OneDrive - UNIVERSIDAD DE SEVILLA/GitHub/shopping-cart-nfc/Documentacion/TelegramBot.txt HASHES DOESN'T MATCH!
INFO:root:2020-10-28 10:15:41 La configuraciï¿½n se ha importado correctamente!
INFO:root:2020-10-28 10:15:41 Hashes importados correctamente!
INFO:root:2020-10-28 10:15:41 Calculando los hashes de los archivos...
INFO:root:2020-10-28 10:15:41 Hashes calculados satisfactoriamente!
INFO:root:2020-10-28 10:15:41 Number of files OK: 2864
INFO:root:2020-10-28 10:15:41 Number of files BAD: 11
WARNING:root:2020-10-28 10:15:41 BAD integrity files: 
           DIR: C:/Users/Marcel/OneDrive - UNIVERSIDAD DE SEVILLA/GitHub/shopping-cart-nfc/README.md HASHES DOESN'T MATCH!
           DIR: C:/Users/Marcel/OneDrive - UNIVERSIDAD DE SEVILLA/GitHub/shopping-cart-nfc/Documentacion/1ï¿½_Entregable.docx HASHES DOESN'T MATCH!
           DIR: C:/Users/Marcel/OneDrive - UNIVERSIDAD DE SEVILLA/GitHub/shopping-cart-nfc/Documentacion/2ï¿½_Entregable.docx HASHES DOESN'T MATCH!
           DIR: C:/Users/Marcel/OneDrive - UNIVERSIDAD DE SEVILLA/GitHub/shopping-cart-nfc/Documentacion/3ï¿½ Entregable.docx HASHES DOESN'T MATCH!
           DIR: C:/Users/Marcel/OneDrive - UNIVERSIDAD DE SEVILLA/GitHub/shopping-cart-nfc/Documentacion/4ï¿½ Entregable.docx HASHES DOESN'T MATCH!
           DIR: C:/Users/Marcel/OneDrive - UNIVERSIDAD DE SEVILLA/GitHub/shopping-cart-nfc/Documentacion/5ï¿½ Entregable.docx HASHES DOESN'T MATCH!
           DIR: C:/Users/Marcel/OneDrive - UNIVERSIDAD DE SEVILLA/GitHub/shopping-cart-nfc/Documentacion/BOCETO_DE_PUT_Y_GET.txt HASHES DOESN'T MATCH!
           DIR: C:/Users/Marcel/OneDrive - UNIVERSIDAD DE SEVILLA/GitHub/shopping-cart-nfc/Documentacion/HISTORIAS_DE_USUARIO_ADMIN_CON_BOT.txt HASHES DOESN'T MATCH!
           DIR: C:/Users/Marcel/OneDrive - UNIVERSIDAD DE SEVILLA/GitHub/shopping-cart-nfc/Documentacion/HISTORIA_PARA_API_REST.txt HASHES DOESN'T MATCH!
           DIR: C:/Users/Marcel/OneDrive - UNIVERSIDAD DE SEVILLA/GitHub/shopping-cart-nfc/Documentacion/LOGICA_INICIAL_PARA_FUNCIONAMIENTO_HARDWARE.txt HASHES DOESN'T MATCH!
           DIR: C:/Users/Marcel/OneDrive - UNIVERSIDAD DE SEVILLA/GitHub/shopping-cart-nfc/Documentacion/TelegramBot.txt HASHES DOESN'T MATCH!
INFO:root:2020-10-28 10:17:14 La configuraciï¿½n se ha importado correctamente!
INFO:root:2020-10-28 10:17:14 Hashes importados correctamente!
INFO:root:2020-10-28 10:17:14 Calculando los hashes de los archivos...
INFO:root:2020-10-28 10:17:14 Hashes calculados satisfactoriamente!
INFO:root:2020-10-28 10:17:14 Number of files OK: 2864
INFO:root:2020-10-28 10:17:14 Number of files BAD: 11
WARNING:root:2020-10-28 10:17:14 BAD integrity files: 
           DIR: C:/Users/Marcel/OneDrive - UNIVERSIDAD DE SEVILLA/GitHub/shopping-cart-nfc/README.md HASHES DOESN'T MATCH!
           DIR: C:/Users/Marcel/OneDrive - UNIVERSIDAD DE SEVILLA/GitHub/shopping-cart-nfc/Documentacion/1ï¿½_Entregable.docx HASHES DOESN'T MATCH!
           DIR: C:/Users/Marcel/OneDrive - UNIVERSIDAD DE SEVILLA/GitHub/shopping-cart-nfc/Documentacion/2ï¿½_Entregable.docx HASHES DOESN'T MATCH!
           DIR: C:/Users/Marcel/OneDrive - UNIVERSIDAD DE SEVILLA/GitHub/shopping-cart-nfc/Documentacion/3ï¿½ Entregable.docx HASHES DOESN'T MATCH!
           DIR: C:/Users/Marcel/OneDrive - UNIVERSIDAD DE SEVILLA/GitHub/shopping-cart-nfc/Documentacion/4ï¿½ Entregable.docx HASHES DOESN'T MATCH!
           DIR: C:/Users/Marcel/OneDrive - UNIVERSIDAD DE SEVILLA/GitHub/shopping-cart-nfc/Documentacion/5ï¿½ Entregable.docx HASHES DOESN'T MATCH!
           DIR: C:/Users/Marcel/OneDrive - UNIVERSIDAD DE SEVILLA/GitHub/shopping-cart-nfc/Documentacion/BOCETO_DE_PUT_Y_GET.txt HASHES DOESN'T MATCH!
           DIR: C:/Users/Marcel/OneDrive - UNIVERSIDAD DE SEVILLA/GitHub/shopping-cart-nfc/Documentacion/HISTORIAS_DE_USUARIO_ADMIN_CON_BOT.txt HASHES DOESN'T MATCH!
           DIR: C:/Users/Marcel/OneDrive - UNIVERSIDAD DE SEVILLA/GitHub/shopping-cart-nfc/Documentacion/HISTORIA_PARA_API_REST.txt HASHES DOESN'T MATCH!
           DIR: C:/Users/Marcel/OneDrive - UNIVERSIDAD DE SEVILLA/GitHub/shopping-cart-nfc/Documentacion/LOGICA_INICIAL_PARA_FUNCIONAMIENTO_HARDWARE.txt HASHES DOESN'T MATCH!
           DIR: C:/Users/Marcel/OneDrive - UNIVERSIDAD DE SEVILLA/GitHub/shopping-cart-nfc/Documentacion/TelegramBot.txt HASHES DOESN'T MATCH!
INFO:root:2020-10-28 10:17:56 La configuraciï¿½n se ha importado correctamente!
INFO:root:2020-10-28 10:17:56 Hashes importados correctamente!
INFO:root:2020-10-28 10:17:56 Calculando los hashes de los archivos...
INFO:root:2020-10-28 10:17:56 Hashes calculados satisfactoriamente!
INFO:root:2020-10-28 10:17:56 Number of files OK: 2864
INFO:root:2020-10-28 10:17:56 Number of files BAD: 11
WARNING:root:2020-10-28 10:17:56 BAD integrity files: 
           DIR: C:/Users/Marcel/OneDrive - UNIVERSIDAD DE SEVILLA/GitHub/shopping-cart-nfc/README.md HASHES DOESN'T MATCH!
           DIR: C:/Users/Marcel/OneDrive - UNIVERSIDAD DE SEVILLA/GitHub/shopping-cart-nfc/Documentacion/1ï¿½_Entregable.docx HASHES DOESN'T MATCH!
           DIR: C:/Users/Marcel/OneDrive - UNIVERSIDAD DE SEVILLA/GitHub/shopping-cart-nfc/Documentacion/2ï¿½_Entregable.docx HASHES DOESN'T MATCH!
           DIR: C:/Users/Marcel/OneDrive - UNIVERSIDAD DE SEVILLA/GitHub/shopping-cart-nfc/Documentacion/3ï¿½ Entregable.docx HASHES DOESN'T MATCH!
           DIR: C:/Users/Marcel/OneDrive - UNIVERSIDAD DE SEVILLA/GitHub/shopping-cart-nfc/Documentacion/4ï¿½ Entregable.docx HASHES DOESN'T MATCH!
           DIR: C:/Users/Marcel/OneDrive - UNIVERSIDAD DE SEVILLA/GitHub/shopping-cart-nfc/Documentacion/5ï¿½ Entregable.docx HASHES DOESN'T MATCH!
           DIR: C:/Users/Marcel/OneDrive - UNIVERSIDAD DE SEVILLA/GitHub/shopping-cart-nfc/Documentacion/BOCETO_DE_PUT_Y_GET.txt HASHES DOESN'T MATCH!
           DIR: C:/Users/Marcel/OneDrive - UNIVERSIDAD DE SEVILLA/GitHub/shopping-cart-nfc/Documentacion/HISTORIAS_DE_USUARIO_ADMIN_CON_BOT.txt HASHES DOESN'T MATCH!
           DIR: C:/Users/Marcel/OneDrive - UNIVERSIDAD DE SEVILLA/GitHub/shopping-cart-nfc/Documentacion/HISTORIA_PARA_API_REST.txt HASHES DOESN'T MATCH!
           DIR: C:/Users/Marcel/OneDrive - UNIVERSIDAD DE SEVILLA/GitHub/shopping-cart-nfc/Documentacion/LOGICA_INICIAL_PARA_FUNCIONAMIENTO_HARDWARE.txt HASHES DOESN'T MATCH!
           DIR: C:/Users/Marcel/OneDrive - UNIVERSIDAD DE SEVILLA/GitHub/shopping-cart-nfc/Documentacion/TelegramBot.txt HASHES DOESN'T MATCH!
INFO:root:2020-10-28 10:20:20 La configuraciï¿½n se ha importado correctamente!
INFO:root:2020-10-28 10:20:20 Hashes importados correctamente!
INFO:root:2020-10-28 10:20:20 Calculando los hashes de los archivos...
INFO:root:2020-10-28 10:20:20 Hashes calculados satisfactoriamente!
INFO:root:2020-10-28 10:20:20 Number of files OK: 2864
INFO:root:2020-10-28 10:20:20 Number of files BAD: 11
WARNING:root:2020-10-28 10:20:20 BAD integrity files: 
           DIR: C:/Users/Marcel/OneDrive - UNIVERSIDAD DE SEVILLA/GitHub/shopping-cart-nfc/README.md HASHES DOESN'T MATCH!
           DIR: C:/Users/Marcel/OneDrive - UNIVERSIDAD DE SEVILLA/GitHub/shopping-cart-nfc/Documentacion/1ï¿½_Entregable.docx HASHES DOESN'T MATCH!
           DIR: C:/Users/Marcel/OneDrive - UNIVERSIDAD DE SEVILLA/GitHub/shopping-cart-nfc/Documentacion/2ï¿½_Entregable.docx HASHES DOESN'T MATCH!
           DIR: C:/Users/Marcel/OneDrive - UNIVERSIDAD DE SEVILLA/GitHub/shopping-cart-nfc/Documentacion/3ï¿½ Entregable.docx HASHES DOESN'T MATCH!
           DIR: C:/Users/Marcel/OneDrive - UNIVERSIDAD DE SEVILLA/GitHub/shopping-cart-nfc/Documentacion/4ï¿½ Entregable.docx HASHES DOESN'T MATCH!
           DIR: C:/Users/Marcel/OneDrive - UNIVERSIDAD DE SEVILLA/GitHub/shopping-cart-nfc/Documentacion/5ï¿½ Entregable.docx HASHES DOESN'T MATCH!
           DIR: C:/Users/Marcel/OneDrive - UNIVERSIDAD DE SEVILLA/GitHub/shopping-cart-nfc/Documentacion/BOCETO_DE_PUT_Y_GET.txt HASHES DOESN'T MATCH!
           DIR: C:/Users/Marcel/OneDrive - UNIVERSIDAD DE SEVILLA/GitHub/shopping-cart-nfc/Documentacion/HISTORIAS_DE_USUARIO_ADMIN_CON_BOT.txt HASHES DOESN'T MATCH!
           DIR: C:/Users/Marcel/OneDrive - UNIVERSIDAD DE SEVILLA/GitHub/shopping-cart-nfc/Documentacion/HISTORIA_PARA_API_REST.txt HASHES DOESN'T MATCH!
           DIR: C:/Users/Marcel/OneDrive - UNIVERSIDAD DE SEVILLA/GitHub/shopping-cart-nfc/Documentacion/LOGICA_INICIAL_PARA_FUNCIONAMIENTO_HARDWARE.txt HASHES DOESN'T MATCH!
           DIR: C:/Users/Marcel/OneDrive - UNIVERSIDAD DE SEVILLA/GitHub/shopping-cart-nfc/Documentacion/TelegramBot.txt HASHES DOESN'T MATCH!
INFO:root:2020-10-28 10:30:29 La configuraciï¿½n se ha importado correctamente!
INFO:root:2020-10-28 10:30:29 Hashes importados correctamente!
INFO:root:2020-10-28 10:30:29 Calculando los hashes de los archivos...
INFO:root:2020-10-28 10:30:29 Hashes calculados satisfactoriamente!
INFO:root:2020-10-28 10:30:29 Number of files OK: 2864
INFO:root:2020-10-28 10:30:29 Number of files BAD: 11
WARNING:root:2020-10-28 10:30:29 BAD integrity files: 
           DIR: C:/Users/Marcel/OneDrive - UNIVERSIDAD DE SEVILLA/GitHub/shopping-cart-nfc/README.md HASHES DOESN'T MATCH!
           DIR: C:/Users/Marcel/OneDrive - UNIVERSIDAD DE SEVILLA/GitHub/shopping-cart-nfc/Documentacion/1ï¿½_Entregable.docx HASHES DOESN'T MATCH!
           DIR: C:/Users/Marcel/OneDrive - UNIVERSIDAD DE SEVILLA/GitHub/shopping-cart-nfc/Documentacion/2ï¿½_Entregable.docx HASHES DOESN'T MATCH!
           DIR: C:/Users/Marcel/OneDrive - UNIVERSIDAD DE SEVILLA/GitHub/shopping-cart-nfc/Documentacion/3ï¿½ Entregable.docx HASHES DOESN'T MATCH!
           DIR: C:/Users/Marcel/OneDrive - UNIVERSIDAD DE SEVILLA/GitHub/shopping-cart-nfc/Documentacion/4ï¿½ Entregable.docx HASHES DOESN'T MATCH!
           DIR: C:/Users/Marcel/OneDrive - UNIVERSIDAD DE SEVILLA/GitHub/shopping-cart-nfc/Documentacion/5ï¿½ Entregable.docx HASHES DOESN'T MATCH!
           DIR: C:/Users/Marcel/OneDrive - UNIVERSIDAD DE SEVILLA/GitHub/shopping-cart-nfc/Documentacion/BOCETO_DE_PUT_Y_GET.txt HASHES DOESN'T MATCH!
           DIR: C:/Users/Marcel/OneDrive - UNIVERSIDAD DE SEVILLA/GitHub/shopping-cart-nfc/Documentacion/HISTORIAS_DE_USUARIO_ADMIN_CON_BOT.txt HASHES DOESN'T MATCH!
           DIR: C:/Users/Marcel/OneDrive - UNIVERSIDAD DE SEVILLA/GitHub/shopping-cart-nfc/Documentacion/HISTORIA_PARA_API_REST.txt HASHES DOESN'T MATCH!
           DIR: C:/Users/Marcel/OneDrive - UNIVERSIDAD DE SEVILLA/GitHub/shopping-cart-nfc/Documentacion/LOGICA_INICIAL_PARA_FUNCIONAMIENTO_HARDWARE.txt HASHES DOESN'T MATCH!
           DIR: C:/Users/Marcel/OneDrive - UNIVERSIDAD DE SEVILLA/GitHub/shopping-cart-nfc/Documentacion/TelegramBot.txt HASHES DOESN'T MATCH!
INFO:root:2020-10-28 10:30:29 Calculando los hashes de los archivos...
INFO:root:2020-10-28 10:30:29 Hashes calculados satisfactoriamente!
INFO:root:2020-10-28 10:30:29 Number of files OK: 2864
INFO:root:2020-10-28 10:30:29 Number of files BAD: 11
WARNING:root:2020-10-28 10:30:29 BAD integrity files: 
           DIR: C:/Users/Marcel/OneDrive - UNIVERSIDAD DE SEVILLA/GitHub/shopping-cart-nfc/README.md HASHES DOESN'T MATCH!
           DIR: C:/Users/Marcel/OneDrive - UNIVERSIDAD DE SEVILLA/GitHub/shopping-cart-nfc/Documentacion/1ï¿½_Entregable.docx HASHES DOESN'T MATCH!
           DIR: C:/Users/Marcel/OneDrive - UNIVERSIDAD DE SEVILLA/GitHub/shopping-cart-nfc/Documentacion/2ï¿½_Entregable.docx HASHES DOESN'T MATCH!
           DIR: C:/Users/Marcel/OneDrive - UNIVERSIDAD DE SEVILLA/GitHub/shopping-cart-nfc/Documentacion/3ï¿½ Entregable.docx HASHES DOESN'T MATCH!
           DIR: C:/Users/Marcel/OneDrive - UNIVERSIDAD DE SEVILLA/GitHub/shopping-cart-nfc/Documentacion/4ï¿½ Entregable.docx HASHES DOESN'T MATCH!
           DIR: C:/Users/Marcel/OneDrive - UNIVERSIDAD DE SEVILLA/GitHub/shopping-cart-nfc/Documentacion/5ï¿½ Entregable.docx HASHES DOESN'T MATCH!
           DIR: C:/Users/Marcel/OneDrive - UNIVERSIDAD DE SEVILLA/GitHub/shopping-cart-nfc/Documentacion/BOCETO_DE_PUT_Y_GET.txt HASHES DOESN'T MATCH!
           DIR: C:/Users/Marcel/OneDrive - UNIVERSIDAD DE SEVILLA/GitHub/shopping-cart-nfc/Documentacion/HISTORIAS_DE_USUARIO_ADMIN_CON_BOT.txt HASHES DOESN'T MATCH!
           DIR: C:/Users/Marcel/OneDrive - UNIVERSIDAD DE SEVILLA/GitHub/shopping-cart-nfc/Documentacion/HISTORIA_PARA_API_REST.txt HASHES DOESN'T MATCH!
           DIR: C:/Users/Marcel/OneDrive - UNIVERSIDAD DE SEVILLA/GitHub/shopping-cart-nfc/Documentacion/LOGICA_INICIAL_PARA_FUNCIONAMIENTO_HARDWARE.txt HASHES DOESN'T MATCH!
           DIR: C:/Users/Marcel/OneDrive - UNIVERSIDAD DE SEVILLA/GitHub/shopping-cart-nfc/Documentacion/TelegramBot.txt HASHES DOESN'T MATCH!
INFO:root:2020-10-28 10:56:52 La configuraciï¿½n se ha importado correctamente!
INFO:root:2020-10-28 10:56:52 Hashes importados correctamente!
INFO:root:2020-10-28 10:56:52 Calculando los hashes de los archivos...
INFO:root:2020-10-28 10:56:52 Hashes calculados satisfactoriamente!
INFO:root:2020-10-28 10:56:52 Number of files OK: 0
INFO:root:2020-10-28 10:56:52 Number of files BAD: 0
WARNING:root:2020-10-28 10:56:52EXAMEN INTERRUMPIDO
WARNING:root:2020-10-28 10:56:52EXAMEN INTERRUMPIDO
WARNING:root:2020-10-28 10:56:52EXAMEN INTERRUMPIDO
WARNING:root:2020-10-28 10:56:52EXAMEN INTERRUMPIDO
WARNING:root:2020-10-28 10:56:52EXAMEN INTERRUMPIDO
WARNING:root:2020-10-28 10:56:52HIDS CERRADO
INFO:root:2020-10-28 10:59:00 La configuraciï¿½n se ha importado correctamente!
INFO:root:2020-10-28 10:59:00 Hashes importados correctamente!
INFO:root:2020-10-28 10:59:00 Calculando los hashes de los archivos...
INFO:root:2020-10-28 10:59:00 Hashes calculados satisfactoriamente!
WARNING:root:2020-10-28 10:59:00HIDS CERRADO
INFO:root:2020-10-28 11:01:08 La configuraciï¿½n se ha importado correctamente!
INFO:root:2020-10-28 11:01:08Hashes exportados correctamente
INFO:root:2020-10-28 11:01:08 Hashes importados correctamente!
INFO:root:2020-10-28 11:01:08 Calculando los hashes de los archivos...
INFO:root:2020-10-28 11:01:08 Hashes calculados satisfactoriamente!
INFO:root:2020-10-28 11:01:08 Number of files OK: 2875
INFO:root:2020-10-28 11:01:08 Number of files BAD: 0
INFO:root:2020-10-28 11:01:08 Calculando los hashes de los archivos...
INFO:root:2020-10-28 11:01:08 Hashes calculados satisfactoriamente!
INFO:root:2020-10-28 11:01:08 Number of files OK: 2875
INFO:root:2020-10-28 11:01:08 Number of files BAD: 0
INFO:root:2020-10-28 11:01:08 Calculando los hashes de los archivos...
INFO:root:2020-10-28 11:01:08 Hashes calculados satisfactoriamente!
INFO:root:2020-10-28 11:01:08 Number of files OK: 2875
INFO:root:2020-10-28 11:01:08 Number of files BAD: 0
WARNING:root:2020-10-28 11:01:08HIDS CERRADO
INFO:root:2020-10-28 11:47:28 La configuración se ha importado correctamente!
ERROR:root:2020-10-28 11:47:28 Error al importar la configuración!
INFO:root:2020-10-28 11:47:28 Hashes exportados correctamente
INFO:root:2020-10-28 11:47:28 Hashes importados correctamente!
INFO:root:2020-10-28 11:47:28 Calculando los hashes de los archivos...
INFO:root:2020-10-28 11:47:28 Hashes calculados satisfactoriamente!
INFO:root:2020-10-28 11:47:28 Number of files OK: 2875
INFO:root:2020-10-28 11:47:28 Number of files BAD: 0
INFO:root:2020-10-28 11:47:28 EXAMEN INTERRUMPIDO
INFO:root:2020-10-28 11:47:28 HIDS CERRADO
INFO:root:2020-10-28 11:48:18 La configuración se ha importado correctamente!
ERROR:root:2020-10-28 11:48:18 Error al importar la configuración!
INFO:root:2020-10-28 11:48:18 Hashes exportados correctamente
INFO:root:2020-10-28 11:48:18 Hashes importados correctamente!
INFO:root:2020-10-28 11:48:18 Calculando los hashes de los archivos...
INFO:root:2020-10-28 11:48:18 Hashes calculados satisfactoriamente!
INFO:root:2020-10-28 11:48:18 Number of files OK: 2875
INFO:root:2020-10-28 11:48:18 Number of files BAD: 0
INFO:root:2020-10-28 11:48:18 EXAMEN INTERRUMPIDO
INFO:root:2020-10-28 11:48:18 HIDS CERRADO
INFO:root:2020-10-28 11:51:29 La configuración se ha importado correctamente!
ERROR:root:2020-10-28 11:51:29 Error al importar la configuración!
INFO:root:2020-10-28 11:51:29 Hashes exportados correctamente
INFO:root:2020-10-28 11:51:29 Hashes importados correctamente!
INFO:root:2020-10-28 11:51:29 Calculando los hashes de los archivos...
INFO:root:2020-10-28 11:51:29 Hashes calculados satisfactoriamente!
INFO:root:2020-10-28 11:51:29 Number of files OK: 2875
INFO:root:2020-10-28 11:51:29 Number of files BAD: 0
INFO:root:2020-10-28 11:51:29 EXAMEN INTERRUMPIDO
INFO:root:2020-10-28 11:51:29 HIDS CERRADO
INFO:root:2020-10-28 11:52:03 La configuración se ha importado correctamente!
INFO:root:2020-10-28 11:52:03 Hashes exportados correctamente
INFO:root:2020-10-28 11:52:03 Hashes importados correctamente!
INFO:root:2020-10-28 11:52:03 Calculando los hashes de los archivos...
INFO:root:2020-10-28 11:52:03 Hashes calculados satisfactoriamente!
INFO:root:2020-10-28 11:52:03 Number of files OK: 2875
INFO:root:2020-10-28 11:52:03 Number of files BAD: 0
INFO:root:2020-10-28 11:52:03 EXAMEN INTERRUMPIDO
INFO:root:2020-10-28 11:52:03 HIDS CERRADO
INFO:root:2020-10-28 11:56:17 La configuración se ha importado correctamente!
INFO:root:2020-10-28 11:56:17 Hashes exportados correctamente
INFO:root:2020-10-28 11:56:17 Hashes importados correctamente!
INFO:root:2020-10-28 11:56:17 Calculando los hashes de los archivos...
INFO:root:2020-10-28 11:56:17 Hashes calculados satisfactoriamente!
INFO:root:2020-10-28 11:56:17 Number of files OK: 2875
INFO:root:2020-10-28 11:56:17 Number of files BAD: 0
INFO:root:2020-10-28 11:56:17 EXAMEN INTERRUMPIDO
INFO:root:2020-10-28 11:56:17 HIDS CERRADO
INFO:root:2020-10-28 11:56:46 La configuración se ha importado correctamente!
INFO:root:2020-10-28 11:56:46 Hashes exportados correctamente
INFO:root:2020-10-28 11:56:46 Hashes importados correctamente!
INFO:root:2020-10-28 11:56:46 Calculando los hashes de los archivos...
INFO:root:2020-10-28 11:56:46 Hashes calculados satisfactoriamente!
INFO:root:2020-10-28 11:56:46 Number of files OK: 2875
INFO:root:2020-10-28 11:56:46 Number of files BAD: 0
INFO:root:2020-10-28 11:56:46 EXAMEN INTERRUMPIDO
INFO:root:2020-10-28 11:56:46 HIDS CERRADO
INFO:root:2020-10-28 12:00:21 La configuración se ha importado correctamente!
INFO:root:2020-10-28 12:00:21 Hashes exportados correctamente
INFO:root:2020-10-28 12:00:21 Hashes importados correctamente!
INFO:root:2020-10-28 12:00:21 Calculando los hashes de los archivos...
INFO:root:2020-10-28 12:00:21 Hashes calculados satisfactoriamente!
INFO:root:2020-10-28 12:00:21 Number of files OK: 2875
INFO:root:2020-10-28 12:00:21 Number of files BAD: 0
INFO:root:2020-10-28 12:00:21 HIDS CERRADO
INFO:root:2020-10-28 12:03:02 La configuración se ha importado correctamente!
INFO:root:2020-10-28 12:03:02 Hashes exportados correctamente
INFO:root:2020-10-28 12:03:02 Hashes importados correctamente!
INFO:root:2020-10-28 12:03:02 Calculando los hashes de los archivos...
INFO:root:2020-10-28 12:03:02 Hashes calculados satisfactoriamente!
INFO:root:2020-10-28 12:03:02 Number of files OK: 2875
INFO:root:2020-10-28 12:03:02 Number of files BAD: 0
INFO:root:2020-10-28 12:03:02 HIDS CERRADO
INFO:root:2020-10-28 12:03:24 La configuración se ha importado correctamente!
INFO:root:2020-10-28 12:03:24 Hashes exportados correctamente
INFO:root:2020-10-28 12:03:24 Hashes importados correctamente!
INFO:root:2020-10-28 12:03:24 Calculando los hashes de los archivos...
INFO:root:2020-10-28 12:03:24 HIDS CERRADO
INFO:root:2020-10-28 12:06:03 La configuración se ha importado correctamente!
INFO:root:2020-10-28 12:06:03 La configuración se ha importado correctamente!
INFO:root:2020-10-28 12:06:03 HIDS CERRADO
INFO:root:2020-10-28 12:06:46 La configuración se ha importado correctamente!
INFO:root:2020-10-28 12:06:46 Hashes exportados correctamente
INFO:root:2020-10-28 12:06:46 Hashes importados correctamente!
INFO:root:2020-10-28 12:06:46 Calculando los hashes de los archivos...
INFO:root:2020-10-28 12:06:46 Hashes calculados satisfactoriamente!
INFO:root:2020-10-28 12:06:46 Number of files OK: 2875
INFO:root:2020-10-28 12:06:46 Number of files BAD: 0
INFO:root:2020-10-28 12:06:46 Calculando los hashes de los archivos...
INFO:root:2020-10-28 12:06:46 Hashes calculados satisfactoriamente!
INFO:root:2020-10-28 12:06:46 Number of files OK: 2875
INFO:root:2020-10-28 12:06:46 Number of files BAD: 0
INFO:root:2020-10-28 12:06:46 Calculando los hashes de los archivos...
INFO:root:2020-10-28 12:06:46 Hashes calculados satisfactoriamente!
INFO:root:2020-10-28 12:06:46 Number of files OK: 2875
INFO:root:2020-10-28 12:06:46 Number of files BAD: 0
INFO:root:2020-10-28 12:06:46 Calculando los hashes de los archivos...
INFO:root:2020-10-28 12:06:46 Hashes calculados satisfactoriamente!
INFO:root:2020-10-28 12:06:46 Number of files OK: 2875
INFO:root:2020-10-28 12:06:46 Number of files BAD: 0
INFO:root:2020-10-28 12:08:02 La configuración se ha importado correctamente!
INFO:root:2020-10-28 12:08:02 HIDS CERRADO
INFO:root:2020-10-28 12:08:17 La configuración se ha importado correctamente!
INFO:root:2020-10-28 12:08:17 Hashes exportados correctamente
INFO:root:2020-10-28 12:08:17 Hashes importados correctamente!
INFO:root:2020-10-28 12:08:17 Calculando los hashes de los archivos...
INFO:root:2020-10-28 12:08:17 Hashes calculados satisfactoriamente!
INFO:root:2020-10-28 12:08:17 Number of files OK: 2875
INFO:root:2020-10-28 12:08:17 Number of files BAD: 0
INFO:root:2020-10-28 12:08:17 EXAMEN INTERRUMPIDO
INFO:root:2020-10-28 12:08:17 HIDS CERRADO
INFO:root:2020-10-28 12:08:47 La configuración se ha importado correctamente!
INFO:root:2020-10-28 12:08:47 Hashes exportados correctamente
INFO:root:2020-10-28 12:08:47 Hashes importados correctamente!
INFO:root:2020-10-28 12:08:47 Calculando los hashes de los archivos...
INFO:root:2020-10-28 12:08:47 Hashes calculados satisfactoriamente!
INFO:root:2020-10-28 12:08:47 Number of files OK: 2875
INFO:root:2020-10-28 12:08:47 Number of files BAD: 0
INFO:root:2020-10-28 12:08:47 HIDS CERRADO
INFO:root:2020-10-28 12:09:54 La configuración se ha importado correctamente!
INFO:root:2020-10-28 12:09:54 HIDS CERRADO
INFO:root:2020-10-28 12:10:20 La configuración se ha importado correctamente!
INFO:root:2020-10-28 12:10:20 Hashes exportados correctamente
INFO:root:2020-10-28 12:10:20 Hashes importados correctamente!
INFO:root:2020-10-28 12:10:20 Calculando los hashes de los archivos...
INFO:root:2020-10-28 12:10:20 Hashes calculados satisfactoriamente!
INFO:root:2020-10-28 12:10:20 Number of files OK: 2875
INFO:root:2020-10-28 12:10:20 Number of files BAD: 0
INFO:root:2020-10-28 12:10:20 EXAMEN INTERRUMPIDO
INFO:root:2020-10-28 12:10:20 HIDS CERRADO
